告警时间：2019-11-04 23:47:44.645163
告警URL：beautycareapp.com
HTTP状态码：200
告警时间：2019-11-04 23:48:04.937682
告警URL：beautycareapp.com
HTTP状态码：200
告警时间：2019-11-04 23:48:16.788183
告警URL：beautycareapp.com
HTTP状态码：200
告警时间：2019-11-04 23:49:14.720984
告警URL：beautycareapp.com
HTTP状态码：200
告警时间：2019-11-04 23:49:14.720984
告警URL：fundideas4u.com
HTTP状态码：200
告警时间：2019-11-04 23:49:14.720984
告警URL：mobilecarvehicle.com
HTTP状态码：200
告警时间：2019-11-04 23:49:14.720984
告警URL：oursneaker.com
HTTP状态码：200
告警时间：2019-11-04 23:49:14.720984
告警URL：playerforyou.com
HTTP状态码：200
告警时间：2019-11-04 23:49:14.720984
告警URL：diy-meal.com
HTTP状态码：200
告警时间：2019-11-04 23:49:14.720984
告警URL：movie-ninjia.com
HTTP状态码：200
告警时间：2019-11-04 23:49:14.720984
告警URL：dozodiac.com
HTTP状态码：200
告警时间：2019-11-04 23:49:14.720984
告警URL：triviaist.com
HTTP状态码：200
告警时间：2019-11-04 23:49:14.720984
告警URL：novelsyousetu.com
HTTP状态码：200
正常响应：2019-11-04 23:51:29.100761
正常URL：beautycareapp.com
正常响应：2019-11-04 23:51:29.100761
正常URL：fundideas4u.com
正常响应：2019-11-04 23:51:29.100761
正常URL：mobilecarvehicle.com
正常响应：2019-11-04 23:51:29.100761
正常URL：oursneaker.com
正常响应：2019-11-04 23:51:29.100761
正常URL：playerforyou.com
正常响应：2019-11-04 23:51:29.100761
正常URL：diy-meal.com
正常响应：2019-11-04 23:51:29.100761
正常URL：movie-ninjia.com
正常响应：2019-11-04 23:51:29.100761
正常URL：dozodiac.com
正常响应：2019-11-04 23:51:29.100761
正常URL：triviaist.com
正常响应：2019-11-04 23:51:29.100761
正常URL：novelsyousetu.com
正常响应：2019-11-05 00:23:41.546202
正常URL：beautycareapp.com
告警时间：2019-11-07 20:24:01.996943,
告警URL：beautycareapp.com,
HTTP状态码：000,
告警原因：超时或链接不存在！
正常响应：2019-11-07 20:24:01.996943
正常URL：fundideas4u.com

告警时间：2019-11-07 20:26:31.824909,
告警URL：google.com,
HTTP状态码：000,
告警原因：超时或链接不存在！
告警时间：2019-11-07 20:26:31.824909,
告警URL：beautycareapp.com,
HTTP状态码：000,
告警原因：超时或链接不存在！
正常响应：2019-11-07 20:27:54.859589
正常URL：google.com

正常响应：2019-11-07 20:29:18.785189
正常URL：google.com

正常响应：2019-11-07 20:29:18.785189
正常URL：beautycareapp.com

正常响应：2019-11-07 20:29:18.785189
正常URL：fundideas4u.com

告警时间：2019-11-07 20:29:18.785189,
告警URL：mobilecarvehicle.com,
HTTP状态码：000,
告警原因：超时或链接不存在！
正常响应：2019-11-07 20:29:18.785189
正常URL：oursneaker.com

正常响应：2019-11-07 20:29:18.785189
正常URL：playerforyou.com

正常响应：2019-11-07 20:29:18.785189
正常URL：diy-meal.com

正常响应：2019-11-07 20:29:18.785189
正常URL：movie-ninjia.com

正常响应：2019-11-07 20:29:18.785189
正常URL：dozodiac.com

正常响应：2019-11-07 20:29:18.785189
正常URL：triviaist.com

正常响应：2019-11-07 20:29:18.785189
正常URL：novelsyousetu.com

正常响应：2019-11-07 20:29:53.141804
正常URL：google.com

正常响应：2019-11-07 20:29:53.141804
正常URL：beautycareapp.com

正常响应：2019-11-07 20:29:53.141804
正常URL：fundideas4u.com

正常响应：2019-11-07 20:29:53.141804
正常URL：mobilecarvehicle.com

正常响应：2019-11-07 20:29:53.141804
正常URL：oursneaker.com

正常响应：2019-11-07 20:29:53.141804
正常URL：playerforyou.com

正常响应：2019-11-07 20:29:53.141804
正常URL：diy-meal.com

正常响应：2019-11-07 20:29:53.141804
正常URL：movie-ninjia.com

正常响应：2019-11-07 20:29:53.141804
正常URL：dozodiac.com

正常响应：2019-11-07 20:29:53.141804
正常URL：triviaist.com

正常响应：2019-11-07 20:29:53.141804
正常URL：novelsyousetu.com

告警时间：2019-11-07 20:30:32.642410,
告警URL：google.com,
HTTP状态码：000,
告警原因：超时或链接不存在！
正常响应：2019-11-07 20:30:32.642410
正常URL：beautycareapp.com

正常响应：2019-11-07 20:30:32.642410
正常URL：fundideas4u.com

正常响应：2019-11-07 20:30:32.642410
正常URL：mobilecarvehicle.com

正常响应：2019-11-07 20:30:32.642410
正常URL：oursneaker.com

正常响应：2019-11-07 20:30:32.642410
正常URL：playerforyou.com

正常响应：2019-11-07 20:30:32.642410
正常URL：diy-meal.com

正常响应：2019-11-07 20:30:32.642410
正常URL：movie-ninjia.com

正常响应：2019-11-07 20:30:32.642410
正常URL：dozodiac.com

正常响应：2019-11-07 20:30:32.642410
正常URL：triviaist.com

告警时间：2019-11-07 20:30:32.642410,
告警URL：novelsyousetu.com,
HTTP状态码：000,
告警原因：超时或链接不存在！
正常响应：2019-11-07 20:59:56.855250
正常URL：google.com

告警时间：2019-11-07 20:59:56.855250,
告警URL：beautycareapp.com,
HTTP状态码：000,
告警原因：超时或链接不存在！

正常响应：2019-11-07 20:59:56.855250
正常URL：fundideas4u.com

告警时间：2019-11-07 20:59:56.855250,
告警URL：mobilecarvehicle.com,
HTTP状态码：000,
告警原因：超时或链接不存在！

正常响应：2019-11-07 20:59:56.855250
正常URL：oursneaker.com

正常响应：2019-11-07 20:59:56.855250
正常URL：playerforyou.com

正常响应：2019-11-07 20:59:56.855250
正常URL：diy-meal.com

正常响应：2019-11-07 20:59:56.855250
正常URL：movie-ninjia.com

正常响应：2019-11-07 20:59:56.855250
正常URL：dozodiac.com

正常响应：2019-11-07 20:59:56.855250
正常URL：triviaist.com

正常响应：2019-11-07 20:59:56.855250
正常URL：novelsyousetu.com

正常响应：2019-11-08 13:05:25.906099
正常URL：google.com

正常响应：2019-11-08 13:08:42.998045
正常URL：google.com

正常响应：2019-11-08 13:08:42.998045
正常URL：beautycareapp.com

正常响应：2019-11-08 13:08:42.998045
正常URL：fundideas4u.com

正常响应：2019-11-08 13:09:18.825489
正常URL：google.com

正常响应：2019-11-08 13:09:18.825489
正常URL：beautycareapp.com

正常响应：2019-11-08 13:09:18.825489
正常URL：fundideas4u.com

告警时间：2019-11-08 13:09:18.825489,
告警URL：mobilecarvehicle.com,
HTTP状态码：000,15.005393,

正常响应：2019-11-08 13:09:18.825489
正常URL：oursneaker.com

正常响应：2019-11-08 13:09:18.825489
正常URL：playerforyou.com

正常响应：2019-11-08 13:09:18.825489
正常URL：diy-meal.com

正常响应：2019-11-08 13:09:18.825489
正常URL：movie-ninjia.com

正常响应：2019-11-08 13:09:18.825489
正常URL：dozodiac.com

正常响应：2019-11-08 13:09:18.825489
正常URL：triviaist.com

正常响应：2019-11-08 13:09:18.825489
正常URL：novelsyousetu.com

正常响应：2019-11-08 13:10:05.353663
正常URL：google.com

正常响应：2019-11-08 13:10:05.353663
正常URL：beautycareapp.com

正常响应：2019-11-08 13:10:05.353663
正常URL：fundideas4u.com

告警时间：2019-11-08 13:10:05.353663,
告警URL：mobilecarvehicle.com,
HTTP状态码：000,15.002059,

正常响应：2019-11-08 13:10:05.353663
正常URL：oursneaker.com

正常响应：2019-11-08 13:10:05.353663
正常URL：playerforyou.com

正常响应：2019-11-08 13:10:05.353663
正常URL：diy-meal.com

正常响应：2019-11-08 13:10:05.353663
正常URL：movie-ninjia.com

正常响应：2019-11-08 13:10:05.353663
正常URL：dozodiac.com

正常响应：2019-11-08 13:10:05.353663
正常URL：triviaist.com

正常响应：2019-11-08 13:10:05.353663
正常URL：novelsyousetu.com

正常响应：2019-11-08 13:11:28.857055
正常URL：google.com

正常响应：2019-11-08 13:11:28.857055
正常URL：beautycareapp.com

正常响应：2019-11-08 13:11:28.857055
正常URL：fundideas4u.com

告警时间：2019-11-08 13:11:28.857055,
告警URL：mobilecarvehicle.com,
HTTP状态码：000,15.005802,

正常响应：2019-11-08 13:11:28.857055
正常URL：oursneaker.com

正常响应：2019-11-08 13:11:28.857055
正常URL：playerforyou.com

正常响应：2019-11-08 13:11:28.857055
正常URL：diy-meal.com

正常响应：2019-11-08 13:11:28.857055
正常URL：movie-ninjia.com

正常响应：2019-11-08 13:11:28.857055
正常URL：dozodiac.com

正常响应：2019-11-08 13:11:28.857055
正常URL：triviaist.com

正常响应：2019-11-08 13:11:28.857055
正常URL：novelsyousetu.com

正常响应：2019-11-08 13:12:14.580305
正常URL：google.com

正常响应：2019-11-08 13:12:14.580305
正常URL：beautycareapp.com

正常响应：2019-11-08 13:12:14.580305
正常URL：fundideas4u.com

告警时间：2019-11-08 13:12:14.580305,
告警URL：mobilecarvehicle.com,
HTTP状态码：000,15.005342,

正常响应：2019-11-08 13:12:14.580305
正常URL：oursneaker.com

正常响应：2019-11-08 13:12:14.580305
正常URL：playerforyou.com

正常响应：2019-11-08 13:12:14.580305
正常URL：diy-meal.com

正常响应：2019-11-08 13:12:14.580305
正常URL：movie-ninjia.com

正常响应：2019-11-08 13:12:14.580305
正常URL：dozodiac.com

正常响应：2019-11-08 13:12:14.580305
正常URL：triviaist.com

正常响应：2019-11-08 13:12:14.580305
正常URL：novelsyousetu.com

正常响应：2019-11-08 13:12:59.940025
正常URL：google.com

正常响应：2019-11-08 13:12:59.940025
正常URL：beautycareapp.com

正常响应：2019-11-08 13:12:59.940025
正常URL：fundideas4u.com

告警时间：2019-11-08 13:12:59.940025,
告警URL：mobilecarvehicle.com,
HTTP状态码：000,15.003793,

正常响应：2019-11-08 13:12:59.940025
正常URL：oursneaker.com

正常响应：2019-11-08 13:12:59.940025
正常URL：playerforyou.com

正常响应：2019-11-08 13:12:59.940025
正常URL：diy-meal.com

正常响应：2019-11-08 13:12:59.940025
正常URL：movie-ninjia.com

正常响应：2019-11-08 13:12:59.940025
正常URL：dozodiac.com

正常响应：2019-11-08 13:12:59.940025
正常URL：triviaist.com

正常响应：2019-11-08 13:12:59.940025
正常URL：novelsyousetu.com

正常响应：2019-11-08 13:13:45.716157
正常URL：google.com

正常响应：2019-11-08 13:13:45.716157
正常URL：beautycareapp.com

正常响应：2019-11-08 13:13:45.716157
正常URL：fundideas4u.com

告警时间：2019-11-08 13:13:45.716157,
告警URL：mobilecarvehicle.com,
HTTP状态码：000,15.004626,

正常响应：2019-11-08 13:13:45.716157
正常URL：oursneaker.com

正常响应：2019-11-08 13:13:45.716157
正常URL：playerforyou.com

正常响应：2019-11-08 13:13:45.716157
正常URL：diy-meal.com

正常响应：2019-11-08 13:13:45.716157
正常URL：movie-ninjia.com

正常响应：2019-11-08 13:13:45.716157
正常URL：dozodiac.com

正常响应：2019-11-08 13:13:45.716157
正常URL：triviaist.com

正常响应：2019-11-08 13:13:45.716157
正常URL：novelsyousetu.com

正常响应：2019-11-08 13:14:31.178962
正常URL：google.com

正常响应：2019-11-08 13:14:31.178962
正常URL：beautycareapp.com

正常响应：2019-11-08 13:14:31.178962
正常URL：fundideas4u.com

告警时间：2019-11-08 13:14:31.178962,
告警URL：mobilecarvehicle.com,
HTTP状态码：000,15.002664,

正常响应：2019-11-08 13:14:31.178962
正常URL：oursneaker.com

正常响应：2019-11-08 13:14:31.178962
正常URL：playerforyou.com

正常响应：2019-11-08 13:14:31.178962
正常URL：diy-meal.com

正常响应：2019-11-08 13:14:31.178962
正常URL：movie-ninjia.com

正常响应：2019-11-08 13:14:31.178962
正常URL：dozodiac.com

正常响应：2019-11-08 13:14:31.178962
正常URL：triviaist.com

正常响应：2019-11-08 13:14:31.178962
正常URL：novelsyousetu.com

正常响应：2019-11-08 13:15:15.419216
正常URL：google.com

正常响应：2019-11-08 13:15:15.419216
正常URL：beautycareapp.com

正常响应：2019-11-08 13:15:15.419216
正常URL：fundideas4u.com

告警时间：2019-11-08 13:15:15.419216,
告警URL：mobilecarvehicle.com,
HTTP状态码：000,15.004100,

正常响应：2019-11-08 13:15:15.419216
正常URL：oursneaker.com

正常响应：2019-11-08 13:15:15.419216
正常URL：playerforyou.com

正常响应：2019-11-08 13:15:15.419216
正常URL：diy-meal.com

正常响应：2019-11-08 13:15:15.419216
正常URL：movie-ninjia.com

正常响应：2019-11-08 13:15:15.419216
正常URL：dozodiac.com

正常响应：2019-11-08 13:15:15.419216
正常URL：triviaist.com

正常响应：2019-11-08 13:15:15.419216
正常URL：novelsyousetu.com

正常响应：2019-11-08 13:15:59.701721
正常URL：google.com

正常响应：2019-11-08 13:15:59.701721
正常URL：beautycareapp.com

正常响应：2019-11-08 13:15:59.701721
正常URL：fundideas4u.com

告警时间：2019-11-08 13:15:59.701721,
告警URL：mobilecarvehicle.com,
HTTP状态码：000,15.006020,

正常响应：2019-11-08 13:15:59.701721
正常URL：oursneaker.com

正常响应：2019-11-08 13:15:59.701721
正常URL：playerforyou.com

正常响应：2019-11-08 13:15:59.701721
正常URL：diy-meal.com

正常响应：2019-11-08 13:15:59.701721
正常URL：movie-ninjia.com

正常响应：2019-11-08 13:15:59.701721
正常URL：dozodiac.com

正常响应：2019-11-08 13:15:59.701721
正常URL：triviaist.com

正常响应：2019-11-08 13:15:59.701721
正常URL：novelsyousetu.com

正常响应：2019-11-08 13:16:43.457003
正常URL：google.com

正常响应：2019-11-08 13:16:43.457003
正常URL：beautycareapp.com

正常响应：2019-11-08 13:16:43.457003
正常URL：fundideas4u.com

告警时间：2019-11-08 13:16:43.457003,
告警URL：mobilecarvehicle.com,
HTTP状态码：000,15.006096,

正常响应：2019-11-08 13:16:43.457003
正常URL：oursneaker.com

正常响应：2019-11-08 13:16:43.457003
正常URL：playerforyou.com

正常响应：2019-11-08 13:16:43.457003
正常URL：diy-meal.com

正常响应：2019-11-08 13:16:43.457003
正常URL：movie-ninjia.com

正常响应：2019-11-08 13:16:43.457003
正常URL：dozodiac.com

正常响应：2019-11-08 13:16:43.457003
正常URL：triviaist.com

正常响应：2019-11-08 13:16:43.457003
正常URL：novelsyousetu.com

正常响应：2019-11-08 13:17:27.595845
正常URL：google.com

正常响应：2019-11-08 13:17:27.595845
正常URL：beautycareapp.com

正常响应：2019-11-08 13:17:27.595845
正常URL：fundideas4u.com

告警时间：2019-11-08 13:17:27.595845,
告警URL：mobilecarvehicle.com,
HTTP状态码：000,15.006318,

正常响应：2019-11-08 13:17:27.595845
正常URL：oursneaker.com

正常响应：2019-11-08 13:17:27.595845
正常URL：playerforyou.com

正常响应：2019-11-08 13:17:27.595845
正常URL：diy-meal.com

正常响应：2019-11-08 13:17:27.595845
正常URL：movie-ninjia.com

正常响应：2019-11-08 13:17:27.595845
正常URL：dozodiac.com

正常响应：2019-11-08 13:17:27.595845
正常URL：triviaist.com

正常响应：2019-11-08 13:17:27.595845
正常URL：novelsyousetu.com

正常响应：2019-11-08 13:18:10.239018
正常URL：google.com

正常响应：2019-11-08 13:18:10.239018
正常URL：beautycareapp.com

正常响应：2019-11-08 13:18:10.239018
正常URL：fundideas4u.com

告警时间：2019-11-08 13:18:10.239018,
告警URL：mobilecarvehicle.com,
HTTP状态码：000,15.006222,

正常响应：2019-11-08 13:18:10.239018
正常URL：oursneaker.com

正常响应：2019-11-08 13:18:10.239018
正常URL：playerforyou.com

正常响应：2019-11-08 13:18:10.239018
正常URL：diy-meal.com

正常响应：2019-11-08 13:18:10.239018
正常URL：movie-ninjia.com

正常响应：2019-11-08 13:18:10.239018
正常URL：dozodiac.com

正常响应：2019-11-08 13:18:10.239018
正常URL：triviaist.com

正常响应：2019-11-08 13:18:10.239018
正常URL：novelsyousetu.com

正常响应：2019-11-08 13:18:57.632073
正常URL：google.com

正常响应：2019-11-08 13:18:57.632073
正常URL：beautycareapp.com

正常响应：2019-11-08 13:18:57.632073
正常URL：fundideas4u.com

告警时间：2019-11-08 13:18:57.632073,
告警URL：mobilecarvehicle.com,
HTTP状态码：000,15.004650,

正常响应：2019-11-08 13:18:57.632073
正常URL：oursneaker.com

正常响应：2019-11-08 13:18:57.632073
正常URL：playerforyou.com

正常响应：2019-11-08 13:18:57.632073
正常URL：diy-meal.com

正常响应：2019-11-08 13:18:57.632073
正常URL：movie-ninjia.com

正常响应：2019-11-08 13:18:57.632073
正常URL：dozodiac.com

正常响应：2019-11-08 13:18:57.632073
正常URL：triviaist.com

正常响应：2019-11-08 13:18:57.632073
正常URL：novelsyousetu.com

正常响应：2019-11-08 13:19:44.025331
正常URL：google.com

正常响应：2019-11-08 13:19:44.025331
正常URL：beautycareapp.com

正常响应：2019-11-08 13:19:44.025331
正常URL：fundideas4u.com

告警时间：2019-11-08 13:19:44.025331,
告警URL：mobilecarvehicle.com,
HTTP状态码：000,15.006852,

正常响应：2019-11-08 13:19:44.025331
正常URL：oursneaker.com

正常响应：2019-11-08 13:19:44.025331
正常URL：playerforyou.com

正常响应：2019-11-08 13:19:44.025331
正常URL：diy-meal.com

正常响应：2019-11-08 13:19:44.025331
正常URL：movie-ninjia.com

正常响应：2019-11-08 13:19:44.025331
正常URL：dozodiac.com

正常响应：2019-11-08 13:19:44.025331
正常URL：triviaist.com

正常响应：2019-11-08 13:19:44.025331
正常URL：novelsyousetu.com

正常响应：2019-11-08 13:20:30.106079
正常URL：google.com

正常响应：2019-11-08 13:20:30.106079
正常URL：beautycareapp.com

正常响应：2019-11-08 13:20:30.106079
正常URL：fundideas4u.com

告警时间：2019-11-08 13:20:30.106079,
告警URL：mobilecarvehicle.com,
HTTP状态码：000,15.007521,

正常响应：2019-11-08 13:20:30.106079
正常URL：oursneaker.com

正常响应：2019-11-08 13:20:30.106079
正常URL：playerforyou.com

正常响应：2019-11-08 13:20:30.106079
正常URL：diy-meal.com

正常响应：2019-11-08 13:20:30.106079
正常URL：movie-ninjia.com

正常响应：2019-11-08 13:20:30.106079
正常URL：dozodiac.com

正常响应：2019-11-08 13:20:30.106079
正常URL：triviaist.com

正常响应：2019-11-08 13:20:30.106079
正常URL：novelsyousetu.com

正常响应：2019-11-08 13:21:15.249736
正常URL：google.com

正常响应：2019-11-08 13:21:15.249736
正常URL：beautycareapp.com

正常响应：2019-11-08 13:21:15.249736
正常URL：fundideas4u.com

告警时间：2019-11-08 13:21:15.249736,
告警URL：mobilecarvehicle.com,
HTTP状态码：000,15.007053,

正常响应：2019-11-08 13:21:15.249736
正常URL：oursneaker.com

正常响应：2019-11-08 13:21:15.249736
正常URL：playerforyou.com

正常响应：2019-11-08 13:21:15.249736
正常URL：diy-meal.com

正常响应：2019-11-08 13:21:15.249736
正常URL：movie-ninjia.com

正常响应：2019-11-08 13:21:15.249736
正常URL：dozodiac.com

正常响应：2019-11-08 13:21:15.249736
正常URL：triviaist.com

正常响应：2019-11-08 13:21:15.249736
正常URL：novelsyousetu.com

正常响应：2019-11-08 13:22:03.092456
正常URL：google.com

正常响应：2019-11-08 13:22:03.092456
正常URL：beautycareapp.com

正常响应：2019-11-08 13:22:03.092456
正常URL：fundideas4u.com

告警时间：2019-11-08 13:22:03.092456,
告警URL：mobilecarvehicle.com,
HTTP状态码：000,15.001330,

正常响应：2019-11-08 13:22:03.092456
正常URL：oursneaker.com

正常响应：2019-11-08 13:22:03.092456
正常URL：playerforyou.com

正常响应：2019-11-08 13:22:03.092456
正常URL：diy-meal.com

正常响应：2019-11-08 13:22:03.092456
正常URL：movie-ninjia.com

正常响应：2019-11-08 13:22:03.092456
正常URL：dozodiac.com

