google.com,379.47999999999996
beautycareapp.com,1044.102
fundideas4u.com,1935.462
mobilecarvehicle.com,FAIL
oursneaker.com,1195.9789999999998
playerforyou.com,2648.116
diy-meal.com,2031.8239999999998
movie-ninjia.com,4694.495
dozodiac.com,3477.945
triviaist.com,2381.8160000000003
novelsyousetu.com,1478.6509999999998
google.com,335.592
beautycareapp.com,826.346
fundideas4u.com,38788.577
mobilecarvehicle.com,FAIL
oursneaker.com,1611.632
playerforyou.com,5185.973
diy-meal.com,2642.136
movie-ninjia.com,2605.6710000000003
dozodiac.com,1689.4070000000002
triviaist.com,2541.0240000000003
novelsyousetu.com,2063.888
google.com,391.325
beautycareapp.com,987.61
fundideas4u.com,2347.196
mobilecarvehicle.com,FAIL
oursneaker.com,1422.719
playerforyou.com,3543.033
diy-meal.com,1414.4
movie-ninjia.com,1667.617
dozodiac.com,1996.7060000000001
triviaist.com,3602.741
novelsyousetu.com,3132.963
google.com,337.315
beautycareapp.com,994.618
fundideas4u.com,1641.164
mobilecarvehicle.com,FAIL
oursneaker.com,2876.201
playerforyou.com,1354.943
diy-meal.com,3467.53
movie-ninjia.com,2931.234
dozodiac.com,1898.3049999999998
triviaist.com,2814.85
novelsyousetu.com,1868.163
google.com,343.922
beautycareapp.com,2099.0229999999997
fundideas4u.com,1849.7669999999998
mobilecarvehicle.com,FAIL
oursneaker.com,1326.166
playerforyou.com,3629.022
diy-meal.com,1546.6960000000001
movie-ninjia.com,1833.171
dozodiac.com,2085.8880000000004
triviaist.com,4214.3240000000005
novelsyousetu.com,1636.876
google.com,323.382
beautycareapp.com,842.779
fundideas4u.com,1590.5849999999998
mobilecarvehicle.com,FAIL
oursneaker.com,2363.3639999999996
playerforyou.com,1491.301
diy-meal.com,1478.456
movie-ninjia.com,2216.806
dozodiac.com,2236.737
triviaist.com,3174.1150000000002
novelsyousetu.com,4581.03
google.com,414.35499999999996
beautycareapp.com,1231.943
fundideas4u.com,1618.786
mobilecarvehicle.com,FAIL
oursneaker.com,1134.788
playerforyou.com,1443.9740000000002
diy-meal.com,4360.394
movie-ninjia.com,1649.928
dozodiac.com,2132.901
triviaist.com,3513.974
novelsyousetu.com,1575.432
google.com,372.731
beautycareapp.com,1370.107
fundideas4u.com,1827.2
mobilecarvehicle.com,FAIL
oursneaker.com,1413.1229999999998
playerforyou.com,1460.383
diy-meal.com,1878.9260000000002
movie-ninjia.com,2277.48
dozodiac.com,2915.512
triviaist.com,3739.4440000000004
novelsyousetu.com,1808.4
google.com,320.2
beautycareapp.com,866.231
fundideas4u.com,1933.375
mobilecarvehicle.com,FAIL
oursneaker.com,1115.507
playerforyou.com,1335.937
diy-meal.com,1903.308
movie-ninjia.com,1627.949
dozodiac.com,2237.792
triviaist.com,3286.038
novelsyousetu.com,3924.3830000000003
google.com,336.553
beautycareapp.com,845.6179999999999
fundideas4u.com,2007.221
mobilecarvehicle.com,FAIL
oursneaker.com,1054.232
playerforyou.com,1537.926
diy-meal.com,1452.926
movie-ninjia.com,3334.3379999999997
dozodiac.com,2162.096
triviaist.com,2961.404
novelsyousetu.com,3238.049
google.com,332.22
beautycareapp.com,889.501
fundideas4u.com,2577.578
mobilecarvehicle.com,FAIL
oursneaker.com,1751.308
playerforyou.com,1521.32
diy-meal.com,1521.529
movie-ninjia.com,1836.436
dozodiac.com,2163.5480000000002
triviaist.com,3027.161
novelsyousetu.com,1841.213
google.com,362.65500000000003
beautycareapp.com,948.1610000000001
fundideas4u.com,2199.02
mobilecarvehicle.com,FAIL
oursneaker.com,1251.345
playerforyou.com,1494.982
diy-meal.com,1483.663
movie-ninjia.com,2032.8870000000002
dozodiac.com,4260.062
triviaist.com,6157.002
novelsyousetu.com,2031.5590000000002
google.com,383.548
beautycareapp.com,845.6709999999999
fundideas4u.com,1585.955
mobilecarvehicle.com,FAIL
oursneaker.com,1162.9689999999998
playerforyou.com,1334.001
diy-meal.com,3528.648
movie-ninjia.com,2239.447
dozodiac.com,2712.6890000000003
triviaist.com,2614.6600000000003
novelsyousetu.com,4745.897
google.com,406.251
beautycareapp.com,814.203
fundideas4u.com,1724.043
mobilecarvehicle.com,FAIL
oursneaker.com,1038.627
playerforyou.com,4797.728
diy-meal.com,1520.819
movie-ninjia.com,2953.353
dozodiac.com,2035.457
triviaist.com,4080.6699999999996
novelsyousetu.com,1524.932
google.com,328.663
beautycareapp.com,896.61
fundideas4u.com,3266.538
mobilecarvehicle.com,FAIL
oursneaker.com,2532.052
playerforyou.com,1464.723
diy-meal.com,1447.787
movie-ninjia.com,2427.775
dozodiac.com,2098.673
triviaist.com,4114.724
novelsyousetu.com,1349.985
google.com,368.178
beautycareapp.com,815.2049999999999
fundideas4u.com,1995.9279999999999
mobilecarvehicle.com,FAIL
oursneaker.com,1305.411
playerforyou.com,3402.103
diy-meal.com,1374.432
movie-ninjia.com,2027.323
dozodiac.com,4126.210999999999
triviaist.com,2661.788
novelsyousetu.com,4538.571
google.com,327.54499999999996
beautycareapp.com,830.1659999999999
fundideas4u.com,1544.545
mobilecarvehicle.com,FAIL
oursneaker.com,1389.166
playerforyou.com,1550.008
diy-meal.com,2872.77
movie-ninjia.com,2035.006
dozodiac.com,2929.222
